This file contains any messages produced by compilers while
running configure, to aid debugging if configure makes a mistake.

It was created by Google C++ Mocking Framework configure 1.7.0, which was
generated by GNU Autoconf 2.69.  Invocation command line was

  $ ./configure --disable-option-checking --prefix=/usr/local --cache-file=/dev/null --srcdir=.

## --------- ##
## Platform. ##
## --------- ##

hostname = node174
uname -m = x86_64
uname -r = 3.10.0-229.el7.x86_64
uname -s = Linux
uname -v = #1 SMP Thu Jan 29 18:37:38 EST 2015

/usr/bin/uname -p = x86_64
/bin/uname -X     = unknown

/bin/arch              = x86_64
/usr/bin/arch -k       = unknown
/usr/convex/getsysinfo = unknown
/usr/bin/hostinfo      = unknown
/bin/machine           = unknown
/usr/bin/oslevel       = unknown
/bin/universe          = unknown

PATH: /usr/lib64/qt-3.3/bin
PATH: /usr/local/sbin
PATH: /usr/local/bin
PATH: /usr/sbin
PATH: /usr/bin
PATH: /root/bin


## ----------- ##
## Core tests. ##
## ----------- ##

configure:2357: checking for a BSD-compatible install
configure:2425: result: /usr/bin/install -c
configure:2436: checking whether build environment is sane
configure:2491: result: yes
configure:2642: checking for a thread-safe mkdir -p
configure:2681: result: /usr/bin/mkdir -p
configure:2688: checking for gawk
configure:2704: found /usr/bin/gawk
configure:2715: result: gawk
configure:2726: checking whether make sets $(MAKE)
configure:2748: result: yes
configure:2777: checking whether make supports nested variables
configure:2794: result: yes
configure:2928: checking for gcc
configure:2944: found /usr/bin/gcc
configure:2955: result: gcc
configure:3184: checking for C compiler version
configure:3193: gcc --version >&5
gcc (GCC) 4.8.3 20140911 (Red Hat 4.8.3-9)
Copyright (C) 2013 Free Software Foundation, Inc.
This is free software; see the source for copying conditions.  There is NO
warranty; not even for MERCHANTABILITY or FITNESS FOR A PARTICULAR PURPOSE.

configure:3204: $? = 0
configure:3193: gcc -v >&5
Using built-in specs.
COLLECT_GCC=gcc
COLLECT_LTO_WRAPPER=/usr/libexec/gcc/x86_64-redhat-linux/4.8.3/lto-wrapper
Target: x86_64-redhat-linux
Configured with: ../configure --prefix=/usr --mandir=/usr/share/man --infodir=/usr/share/info --with-bugurl=http://bugzilla.redhat.com/bugzilla --enable-bootstrap --enable-shared --enable-threads=posix --enable-checking=release --with-system-zlib --enable-__cxa_atexit --disable-libunwind-exceptions --enable-gnu-unique-object --enable-linker-build-id --with-linker-hash-style=gnu --enable-languages=c,c++,objc,obj-c++,java,fortran,ada,go,lto --enable-plugin --enable-initfini-array --disable-libgcj --with-isl=/builddir/build/BUILD/gcc-4.8.3-20140911/obj-x86_64-redhat-linux/isl-install --with-cloog=/builddir/build/BUILD/gcc-4.8.3-20140911/obj-x86_64-redhat-linux/cloog-install --enable-gnu-indirect-function --with-tune=generic --with-arch_32=x86-64 --build=x86_64-redhat-linux
Thread model: posix
gcc version 4.8.3 20140911 (Red Hat 4.8.3-9) (GCC) 
configure:3204: $? = 0
configure:3193: gcc -V >&5
gcc: error: unrecognized command line option '-V'
gcc: fatal error: no input files
compilation terminated.
configure:3204: $? = 4
configure:3193: gcc -qversion >&5
gcc: error: unrecognized command line option '-qversion'
gcc: fatal error: no input files
compilation terminated.
configure:3204: $? = 4
configure:3224: checking whether the C compiler works
configure:3246: gcc    conftest.c  >&5
configure:3250: $? = 0
configure:3298: result: yes
configure:3301: checking for C compiler default output file name
configure:3303: result: a.out
configure:3309: checking for suffix of executables
configure:3316: gcc -o conftest    conftest.c  >&5
configure:3320: $? = 0
configure:3342: result: 
configure:3364: checking whether we are cross compiling
configure:3372: gcc -o conftest    conftest.c  >&5
configure:3376: $? = 0
configure:3383: ./conftest
configure:3387: $? = 0
configure:3402: result: no
configure:3407: checking for suffix of object files
configure:3429: gcc -c   conftest.c >&5
configure:3433: $? = 0
configure:3454: result: o
configure:3458: checking whether we are using the GNU C compiler
configure:3477: gcc -c   conftest.c >&5
configure:3477: $? = 0
configure:3486: result: yes
configure:3495: checking whether gcc accepts -g
configure:3515: gcc -c -g  conftest.c >&5
configure:3515: $? = 0
configure:3556: result: yes
configure:3573: checking for gcc option to accept ISO C89
configure:3636: gcc  -c -g -O2  conftest.c >&5
configure:3636: $? = 0
configure:3649: result: none needed
configure:3680: checking for style of include used by make
configure:3708: result: GNU
configure:3734: checking dependency style of gcc
configure:3845: result: gcc3
configure:3918: checking for g++
configure:3934: found /usr/bin/g++
configure:3945: result: g++
configure:3972: checking for C++ compiler version
configure:3981: g++ --version >&5
g++ (GCC) 4.8.3 20140911 (Red Hat 4.8.3-9)
Copyright (C) 2013 Free Software Foundation, Inc.
This is free software; see the source for copying conditions.  There is NO
warranty; not even for MERCHANTABILITY or FITNESS FOR A PARTICULAR PURPOSE.

configure:3992: $? = 0
configure:3981: g++ -v >&5
Using built-in specs.
COLLECT_GCC=g++
COLLECT_LTO_WRAPPER=/usr/libexec/gcc/x86_64-redhat-linux/4.8.3/lto-wrapper
Target: x86_64-redhat-linux
Configured with: ../configure --prefix=/usr --mandir=/usr/share/man --infodir=/usr/share/info --with-bugurl=http://bugzilla.redhat.com/bugzilla --enable-bootstrap --enable-shared --enable-threads=posix --enable-checking=release --with-system-zlib --enable-__cxa_atexit --disable-libunwind-exceptions --enable-gnu-unique-object --enable-linker-build-id --with-linker-hash-style=gnu --enable-languages=c,c++,objc,obj-c++,java,fortran,ada,go,lto --enable-plugin --enable-initfini-array --disable-libgcj --with-isl=/builddir/build/BUILD/gcc-4.8.3-20140911/obj-x86_64-redhat-linux/isl-install --with-cloog=/builddir/build/BUILD/gcc-4.8.3-20140911/obj-x86_64-redhat-linux/cloog-install --enable-gnu-indirect-function --with-tune=generic --with-arch_32=x86-64 --build=x86_64-redhat-linux
Thread model: posix
gcc version 4.8.3 20140911 (Red Hat 4.8.3-9) (GCC) 
configure:3992: $? = 0
configure:3981: g++ -V >&5
g++: error: unrecognized command line option '-V'
g++: fatal error: no input files
compilation terminated.
configure:3992: $? = 4
configure:3981: g++ -qversion >&5
g++: error: unrecognized command line option '-qversion'
g++: fatal error: no input files
compilation terminated.
configure:3992: $? = 4
configure:3996: checking whether we are using the GNU C++ compiler
configure:4015: g++ -c   conftest.cpp >&5
configure:4015: $? = 0
configure:4024: result: yes
configure:4033: checking whether g++ accepts -g
configure:4053: g++ -c -g  conftest.cpp >&5
configure:4053: $? = 0
configure:4094: result: yes
configure:4119: checking dependency style of g++
configure:4230: result: gcc3
configure:4280: checking build system type
configure:4294: result: x86_64-unknown-linux-gnu
configure:4314: checking host system type
configure:4327: result: x86_64-unknown-linux-gnu
configure:4368: checking how to print strings
configure:4395: result: printf
configure:4416: checking for a sed that does not truncate output
configure:4480: result: /usr/bin/sed
configure:4498: checking for grep that handles long lines and -e
configure:4556: result: /usr/bin/grep
configure:4561: checking for egrep
configure:4623: result: /usr/bin/grep -E
configure:4628: checking for fgrep
configure:4690: result: /usr/bin/grep -F
configure:4725: checking for ld used by gcc
configure:4792: result: /usr/bin/ld
configure:4799: checking if the linker (/usr/bin/ld) is GNU ld
configure:4814: result: yes
configure:4826: checking for BSD- or MS-compatible name lister (nm)
configure:4875: result: /usr/bin/nm -B
configure:5005: checking the name lister (/usr/bin/nm -B) interface
configure:5012: g++ -c -g -O2  conftest.cpp >&5
configure:5015: /usr/bin/nm -B "conftest.o"
configure:5018: output
0000000000000000 B some_variable
configure:5025: result: BSD nm
configure:5028: checking whether ln -s works
configure:5032: result: yes
configure:5040: checking the maximum length of command line arguments
configure:5170: result: 1572864
configure:5187: checking whether the shell understands some XSI constructs
configure:5197: result: yes
configure:5201: checking whether the shell understands "+="
configure:5207: result: yes
configure:5242: checking how to convert x86_64-unknown-linux-gnu file names to x86_64-unknown-linux-gnu format
configure:5282: result: func_convert_file_noop
configure:5289: checking how to convert x86_64-unknown-linux-gnu file names to toolchain format
configure:5309: result: func_convert_file_noop
configure:5316: checking for /usr/bin/ld option to reload object files
configure:5323: result: -r
configure:5397: checking for objdump
configure:5413: found /usr/bin/objdump
configure:5424: result: objdump
configure:5456: checking how to recognize dependent libraries
configure:5658: result: pass_all
configure:5743: checking for dlltool
configure:5773: result: no
configure:5803: checking how to associate runtime and link libraries
configure:5830: result: printf %s\n
configure:5891: checking for ar
configure:5907: found /usr/bin/ar
configure:5918: result: ar
configure:5955: checking for archiver @FILE support
configure:5972: g++ -c -g -O2  conftest.cpp >&5
configure:5972: $? = 0
configure:5975: ar cru libconftest.a @conftest.lst >&5
configure:5978: $? = 0
configure:5983: ar cru libconftest.a @conftest.lst >&5
ar: conftest.o: No such file or directory
configure:5986: $? = 1
configure:5998: result: @
configure:6056: checking for strip
configure:6072: found /usr/bin/strip
configure:6083: result: strip
configure:6155: checking for ranlib
configure:6171: found /usr/bin/ranlib
configure:6182: result: ranlib
configure:6284: checking command to parse /usr/bin/nm -B output from gcc object
configure:6404: g++ -c -g -O2  conftest.cpp >&5
configure:6407: $? = 0
configure:6411: /usr/bin/nm -B conftest.o \| sed -n -e 's/^.*[ ]\([ABCDGIRSTW][ABCDGIRSTW]*\)[ ][ ]*\([_A-Za-z][_A-Za-z0-9]*\)$/\1 \2 \2/p' | sed '/ __gnu_lto/d' \> conftest.nm
configure:6414: $? = 0
configure:6480: g++ -o conftest -g -O2   conftest.cpp conftstm.o >&5
configure:6483: $? = 0
configure:6521: result: ok
configure:6558: checking for sysroot
configure:6588: result: no
configure:6666: g++ -c -g -O2  conftest.cpp >&5
configure:6669: $? = 0
configure:6845: checking for mt
configure:6875: result: no
configure:6895: checking if : is a manifest tool
configure:6901: : '-?'
configure:6909: result: no
configure:7551: checking how to run the C preprocessor
configure:7582: gcc -E  conftest.c
configure:7582: $? = 0
configure:7596: gcc -E  conftest.c
conftest.c:11:28: fatal error: ac_nonexistent.h: No such file or directory
 #include <ac_nonexistent.h>
                            ^
compilation terminated.
configure:7596: $? = 1
configure: failed program was:
| /* confdefs.h */
| #define PACKAGE_NAME "Google C++ Mocking Framework"
| #define PACKAGE_TARNAME "gmock"
| #define PACKAGE_VERSION "1.7.0"
| #define PACKAGE_STRING "Google C++ Mocking Framework 1.7.0"
| #define PACKAGE_BUGREPORT "googlemock@googlegroups.com"
| #define PACKAGE_URL ""
| #define PACKAGE "gmock"
| #define VERSION "1.7.0"
| /* end confdefs.h.  */
| #include <ac_nonexistent.h>
configure:7621: result: gcc -E
configure:7641: gcc -E  conftest.c
configure:7641: $? = 0
configure:7655: gcc -E  conftest.c
conftest.c:11:28: fatal error: ac_nonexistent.h: No such file or directory
 #include <ac_nonexistent.h>
                            ^
compilation terminated.
configure:7655: $? = 1
configure: failed program was:
| /* confdefs.h */
| #define PACKAGE_NAME "Google C++ Mocking Framework"
| #define PACKAGE_TARNAME "gmock"
| #define PACKAGE_VERSION "1.7.0"
| #define PACKAGE_STRING "Google C++ Mocking Framework 1.7.0"
| #define PACKAGE_BUGREPORT "googlemock@googlegroups.com"
| #define PACKAGE_URL ""
| #define PACKAGE "gmock"
| #define VERSION "1.7.0"
| /* end confdefs.h.  */
| #include <ac_nonexistent.h>
configure:7684: checking for ANSI C header files
configure:7704: gcc -c -g -O2  conftest.c >&5
configure:7704: $? = 0
configure:7777: gcc -o conftest -g -O2   conftest.c  >&5
configure:7777: $? = 0
configure:7777: ./conftest
configure:7777: $? = 0
configure:7788: result: yes
configure:7801: checking for sys/types.h
configure:7801: gcc -c -g -O2  conftest.c >&5
configure:7801: $? = 0
configure:7801: result: yes
configure:7801: checking for sys/stat.h
configure:7801: gcc -c -g -O2  conftest.c >&5
configure:7801: $? = 0
configure:7801: result: yes
configure:7801: checking for stdlib.h
configure:7801: gcc -c -g -O2  conftest.c >&5
configure:7801: $? = 0
configure:7801: result: yes
configure:7801: checking for string.h
configure:7801: gcc -c -g -O2  conftest.c >&5
configure:7801: $? = 0
configure:7801: result: yes
configure:7801: checking for memory.h
configure:7801: gcc -c -g -O2  conftest.c >&5
configure:7801: $? = 0
configure:7801: result: yes
configure:7801: checking for strings.h
configure:7801: gcc -c -g -O2  conftest.c >&5
configure:7801: $? = 0
configure:7801: result: yes
configure:7801: checking for inttypes.h
configure:7801: gcc -c -g -O2  conftest.c >&5
configure:7801: $? = 0
configure:7801: result: yes
configure:7801: checking for stdint.h
configure:7801: gcc -c -g -O2  conftest.c >&5
configure:7801: $? = 0
configure:7801: result: yes
configure:7801: checking for unistd.h
configure:7801: gcc -c -g -O2  conftest.c >&5
configure:7801: $? = 0
configure:7801: result: yes
configure:7815: checking for dlfcn.h
configure:7815: gcc -c -g -O2  conftest.c >&5
configure:7815: $? = 0
configure:7815: result: yes
configure:8031: checking for objdir
configure:8046: result: .libs
configure:8313: checking if gcc supports -fno-rtti -fno-exceptions
configure:8331: gcc -c -g -O2  -fno-rtti -fno-exceptions conftest.c >&5
cc1: warning: command line option '-fno-rtti' is valid for C++/ObjC++ but not for C [enabled by default]
configure:8335: $? = 0
configure:8348: result: no
configure:8675: checking for gcc option to produce PIC
configure:8682: result: -fPIC -DPIC
configure:8690: checking if gcc PIC flag -fPIC -DPIC works
configure:8708: gcc -c -g -O2  -fPIC -DPIC -DPIC conftest.c >&5
configure:8712: $? = 0
configure:8725: result: yes
configure:8754: checking if gcc static flag -static works
configure:8782: result: no
configure:8797: checking if gcc supports -c -o file.o
configure:8818: gcc -c -g -O2  -o out/conftest2.o conftest.c >&5
configure:8822: $? = 0
configure:8844: result: yes
configure:8852: checking if gcc supports -c -o file.o
configure:8899: result: yes
configure:8932: checking whether the gcc linker (/usr/bin/ld -m elf_x86_64) supports shared libraries
configure:10085: result: yes
configure:10122: checking whether -lc should be explicitly linked in
configure:10130: gcc -c -g -O2  conftest.c >&5
configure:10133: $? = 0
configure:10148: gcc -shared  -fPIC -DPIC conftest.o  -v -Wl,-soname -Wl,conftest -o conftest 2\>\&1 \| /usr/bin/grep  -lc  \>/dev/null 2\>\&1
configure:10151: $? = 0
configure:10165: result: no
configure:10325: checking dynamic linker characteristics
configure:10836: gcc -o conftest -g -O2   -Wl,-rpath -Wl,/foo conftest.c  >&5
configure:10836: $? = 0
configure:11062: result: GNU/Linux ld.so
configure:11169: checking how to hardcode library paths into programs
configure:11194: result: immediate
configure:11734: checking whether stripping libraries is possible
configure:11739: result: yes
configure:11774: checking if libtool supports shared libraries
configure:11776: result: yes
configure:11779: checking whether to build shared libraries
configure:11800: result: yes
configure:11803: checking whether to build static libraries
configure:11807: result: yes
configure:11830: checking how to run the C++ preprocessor
configure:11857: g++ -E  conftest.cpp
configure:11857: $? = 0
configure:11871: g++ -E  conftest.cpp
conftest.cpp:23:28: fatal error: ac_nonexistent.h: No such file or directory
 #include <ac_nonexistent.h>
                            ^
compilation terminated.
configure:11871: $? = 1
configure: failed program was:
| /* confdefs.h */
| #define PACKAGE_NAME "Google C++ Mocking Framework"
| #define PACKAGE_TARNAME "gmock"
| #define PACKAGE_VERSION "1.7.0"
| #define PACKAGE_STRING "Google C++ Mocking Framework 1.7.0"
| #define PACKAGE_BUGREPORT "googlemock@googlegroups.com"
| #define PACKAGE_URL ""
| #define PACKAGE "gmock"
| #define VERSION "1.7.0"
| #define STDC_HEADERS 1
| #define HAVE_SYS_TYPES_H 1
| #define HAVE_SYS_STAT_H 1
| #define HAVE_STDLIB_H 1
| #define HAVE_STRING_H 1
| #define HAVE_MEMORY_H 1
| #define HAVE_STRINGS_H 1
| #define HAVE_INTTYPES_H 1
| #define HAVE_STDINT_H 1
| #define HAVE_UNISTD_H 1
| #define HAVE_DLFCN_H 1
| #define LT_OBJDIR ".libs/"
| /* end confdefs.h.  */
| #include <ac_nonexistent.h>
configure:11896: result: g++ -E
configure:11916: g++ -E  conftest.cpp
configure:11916: $? = 0
configure:11930: g++ -E  conftest.cpp
conftest.cpp:23:28: fatal error: ac_nonexistent.h: No such file or directory
 #include <ac_nonexistent.h>
                            ^
compilation terminated.
configure:11930: $? = 1
configure: failed program was:
| /* confdefs.h */
| #define PACKAGE_NAME "Google C++ Mocking Framework"
| #define PACKAGE_TARNAME "gmock"
| #define PACKAGE_VERSION "1.7.0"
| #define PACKAGE_STRING "Google C++ Mocking Framework 1.7.0"
| #define PACKAGE_BUGREPORT "googlemock@googlegroups.com"
| #define PACKAGE_URL ""
| #define PACKAGE "gmock"
| #define VERSION "1.7.0"
| #define STDC_HEADERS 1
| #define HAVE_SYS_TYPES_H 1
| #define HAVE_SYS_STAT_H 1
| #define HAVE_STDLIB_H 1
| #define HAVE_STRING_H 1
| #define HAVE_MEMORY_H 1
| #define HAVE_STRINGS_H 1
| #define HAVE_INTTYPES_H 1
| #define HAVE_STDINT_H 1
| #define HAVE_UNISTD_H 1
| #define HAVE_DLFCN_H 1
| #define LT_OBJDIR ".libs/"
| /* end confdefs.h.  */
| #include <ac_nonexistent.h>
configure:12099: checking for ld used by g++
configure:12166: result: /usr/bin/ld -m elf_x86_64
configure:12173: checking if the linker (/usr/bin/ld -m elf_x86_64) is GNU ld
configure:12188: result: yes
configure:12243: checking whether the g++ linker (/usr/bin/ld -m elf_x86_64) supports shared libraries
configure:13248: result: yes
configure:13284: g++ -c -g -O2  conftest.cpp >&5
configure:13287: $? = 0
configure:13807: checking for g++ option to produce PIC
configure:13814: result: -fPIC -DPIC
configure:13822: checking if g++ PIC flag -fPIC -DPIC works
configure:13840: g++ -c -g -O2  -fPIC -DPIC -DPIC conftest.cpp >&5
configure:13844: $? = 0
configure:13857: result: yes
configure:13880: checking if g++ static flag -static works
configure:13908: result: no
configure:13920: checking if g++ supports -c -o file.o
configure:13941: g++ -c -g -O2  -o out/conftest2.o conftest.cpp >&5
configure:13945: $? = 0
configure:13967: result: yes
configure:13972: checking if g++ supports -c -o file.o
configure:14019: result: yes
configure:14049: checking whether the g++ linker (/usr/bin/ld -m elf_x86_64) supports shared libraries
configure:14085: result: yes
configure:14226: checking dynamic linker characteristics
configure:14897: result: GNU/Linux ld.so
configure:14950: checking how to hardcode library paths into programs
configure:14975: result: immediate
configure:15045: checking for python
configure:15063: found /usr/bin/python
configure:15076: result: /usr/bin/python
configure:15094: /usr/bin/python -c import sys # split strings by '.' and convert to numeric. Append some zeros # because we need at least 4 digits for the hex conversion. # map returns an iterator in Python 3.0 and a list in 2.x minver = list(map(int, '2.3'.split('.'))) + [0, 0, 0] minverhex = 0 # xrange is not present in Python 3.0 and range returns an iterator for i in list(range(0, 4)): minverhex = (minverhex << 8) + minver[i] sys.exit(sys.hexversion < minverhex)
configure:15097: $? = 0
configure:15292: checking for the pthreads library -lpthreads
configure:15325: gcc -o conftest -g -O2    conftest.c -lpthreads  >&5
/usr/bin/ld: cannot find -lpthreads
collect2: error: ld returned 1 exit status
configure:15325: $? = 1
configure: failed program was:
| /* confdefs.h */
| #define PACKAGE_NAME "Google C++ Mocking Framework"
| #define PACKAGE_TARNAME "gmock"
| #define PACKAGE_VERSION "1.7.0"
| #define PACKAGE_STRING "Google C++ Mocking Framework 1.7.0"
| #define PACKAGE_BUGREPORT "googlemock@googlegroups.com"
| #define PACKAGE_URL ""
| #define PACKAGE "gmock"
| #define VERSION "1.7.0"
| #define STDC_HEADERS 1
| #define HAVE_SYS_TYPES_H 1
| #define HAVE_SYS_STAT_H 1
| #define HAVE_STDLIB_H 1
| #define HAVE_STRING_H 1
| #define HAVE_MEMORY_H 1
| #define HAVE_STRINGS_H 1
| #define HAVE_INTTYPES_H 1
| #define HAVE_STDINT_H 1
| #define HAVE_UNISTD_H 1
| #define HAVE_DLFCN_H 1
| #define LT_OBJDIR ".libs/"
| /* end confdefs.h.  */
| #include <pthread.h>
| int
| main ()
| {
| pthread_t th; pthread_join(th, 0);
|                      pthread_attr_init(0); pthread_cleanup_push(0, 0);
|                      pthread_create(0,0,0,0); pthread_cleanup_pop(0);
|   ;
|   return 0;
| }
configure:15334: result: no
configure:15237: checking whether pthreads work without any flags
configure:15325: gcc -o conftest -g -O2    conftest.c   >&5
/tmp/cc7Ps2ii.o: In function `main':
/usr/ceph-0.94.3/src/gmock/conftest.c:27: undefined reference to `pthread_join'
/usr/ceph-0.94.3/src/gmock/conftest.c:28: undefined reference to `__pthread_register_cancel'
/usr/ceph-0.94.3/src/gmock/conftest.c:29: undefined reference to `pthread_create'
/usr/ceph-0.94.3/src/gmock/conftest.c:29: undefined reference to `__pthread_unregister_cancel'
collect2: error: ld returned 1 exit status
configure:15325: $? = 1
configure: failed program was:
| /* confdefs.h */
| #define PACKAGE_NAME "Google C++ Mocking Framework"
| #define PACKAGE_TARNAME "gmock"
| #define PACKAGE_VERSION "1.7.0"
| #define PACKAGE_STRING "Google C++ Mocking Framework 1.7.0"
| #define PACKAGE_BUGREPORT "googlemock@googlegroups.com"
| #define PACKAGE_URL ""
| #define PACKAGE "gmock"
| #define VERSION "1.7.0"
| #define STDC_HEADERS 1
| #define HAVE_SYS_TYPES_H 1
| #define HAVE_SYS_STAT_H 1
| #define HAVE_STDLIB_H 1
| #define HAVE_STRING_H 1
| #define HAVE_MEMORY_H 1
| #define HAVE_STRINGS_H 1
| #define HAVE_INTTYPES_H 1
| #define HAVE_STDINT_H 1
| #define HAVE_UNISTD_H 1
| #define HAVE_DLFCN_H 1
| #define LT_OBJDIR ".libs/"
| /* end confdefs.h.  */
| #include <pthread.h>
| int
| main ()
| {
| pthread_t th; pthread_join(th, 0);
|                      pthread_attr_init(0); pthread_cleanup_push(0, 0);
|                      pthread_create(0,0,0,0); pthread_cleanup_pop(0);
|   ;
|   return 0;
| }
configure:15334: result: no
configure:15242: checking whether pthreads work with -Kthread
configure:15325: gcc -o conftest -g -O2 -Kthread   conftest.c   >&5
gcc: error: unrecognized command line option '-Kthread'
configure:15325: $? = 1
configure: failed program was:
| /* confdefs.h */
| #define PACKAGE_NAME "Google C++ Mocking Framework"
| #define PACKAGE_TARNAME "gmock"
| #define PACKAGE_VERSION "1.7.0"
| #define PACKAGE_STRING "Google C++ Mocking Framework 1.7.0"
| #define PACKAGE_BUGREPORT "googlemock@googlegroups.com"
| #define PACKAGE_URL ""
| #define PACKAGE "gmock"
| #define VERSION "1.7.0"
| #define STDC_HEADERS 1
| #define HAVE_SYS_TYPES_H 1
| #define HAVE_SYS_STAT_H 1
| #define HAVE_STDLIB_H 1
| #define HAVE_STRING_H 1
| #define HAVE_MEMORY_H 1
| #define HAVE_STRINGS_H 1
| #define HAVE_INTTYPES_H 1
| #define HAVE_STDINT_H 1
| #define HAVE_UNISTD_H 1
| #define HAVE_DLFCN_H 1
| #define LT_OBJDIR ".libs/"
| /* end confdefs.h.  */
| #include <pthread.h>
| int
| main ()
| {
| pthread_t th; pthread_join(th, 0);
|                      pthread_attr_init(0); pthread_cleanup_push(0, 0);
|                      pthread_create(0,0,0,0); pthread_cleanup_pop(0);
|   ;
|   return 0;
| }
configure:15334: result: no
configure:15242: checking whether pthreads work with -kthread
configure:15325: gcc -o conftest -g -O2 -kthread   conftest.c   >&5
gcc: error: unrecognized command line option '-kthread'
configure:15325: $? = 1
configure: failed program was:
| /* confdefs.h */
| #define PACKAGE_NAME "Google C++ Mocking Framework"
| #define PACKAGE_TARNAME "gmock"
| #define PACKAGE_VERSION "1.7.0"
| #define PACKAGE_STRING "Google C++ Mocking Framework 1.7.0"
| #define PACKAGE_BUGREPORT "googlemock@googlegroups.com"
| #define PACKAGE_URL ""
| #define PACKAGE "gmock"
| #define VERSION "1.7.0"
| #define STDC_HEADERS 1
| #define HAVE_SYS_TYPES_H 1
| #define HAVE_SYS_STAT_H 1
| #define HAVE_STDLIB_H 1
| #define HAVE_STRING_H 1
| #define HAVE_MEMORY_H 1
| #define HAVE_STRINGS_H 1
| #define HAVE_INTTYPES_H 1
| #define HAVE_STDINT_H 1
| #define HAVE_UNISTD_H 1
| #define HAVE_DLFCN_H 1
| #define LT_OBJDIR ".libs/"
| /* end confdefs.h.  */
| #include <pthread.h>
| int
| main ()
| {
| pthread_t th; pthread_join(th, 0);
|                      pthread_attr_init(0); pthread_cleanup_push(0, 0);
|                      pthread_create(0,0,0,0); pthread_cleanup_pop(0);
|   ;
|   return 0;
| }
configure:15334: result: no
configure:15292: checking for the pthreads library -llthread
configure:15325: gcc -o conftest -g -O2    conftest.c -llthread  >&5
/usr/bin/ld: cannot find -llthread
collect2: error: ld returned 1 exit status
configure:15325: $? = 1
configure: failed program was:
| /* confdefs.h */
| #define PACKAGE_NAME "Google C++ Mocking Framework"
| #define PACKAGE_TARNAME "gmock"
| #define PACKAGE_VERSION "1.7.0"
| #define PACKAGE_STRING "Google C++ Mocking Framework 1.7.0"
| #define PACKAGE_BUGREPORT "googlemock@googlegroups.com"
| #define PACKAGE_URL ""
| #define PACKAGE "gmock"
| #define VERSION "1.7.0"
| #define STDC_HEADERS 1
| #define HAVE_SYS_TYPES_H 1
| #define HAVE_SYS_STAT_H 1
| #define HAVE_STDLIB_H 1
| #define HAVE_STRING_H 1
| #define HAVE_MEMORY_H 1
| #define HAVE_STRINGS_H 1
| #define HAVE_INTTYPES_H 1
| #define HAVE_STDINT_H 1
| #define HAVE_UNISTD_H 1
| #define HAVE_DLFCN_H 1
| #define LT_OBJDIR ".libs/"
| /* end confdefs.h.  */
| #include <pthread.h>
| int
| main ()
| {
| pthread_t th; pthread_join(th, 0);
|                      pthread_attr_init(0); pthread_cleanup_push(0, 0);
|                      pthread_create(0,0,0,0); pthread_cleanup_pop(0);
|   ;
|   return 0;
| }
configure:15334: result: no
configure:15242: checking whether pthreads work with -pthread
configure:15325: gcc -o conftest -g -O2 -pthread   conftest.c   >&5
configure:15325: $? = 0
configure:15334: result: yes
configure:15353: checking for joinable pthread attribute
configure:15368: gcc -o conftest -g -O2 -pthread   conftest.c   >&5
configure:15368: $? = 0
configure:15374: result: PTHREAD_CREATE_JOINABLE
configure:15384: checking if more special flags are required for pthreads
configure:15391: result: no
configure:15480: checking whether to check for GCC pthread/shared inconsistencies
configure:15493: gcc -o conftest -shared -fPIC -Wl,-z,defs -g -O2 -pthread   conftest.c   >&5
configure:15493: $? = 0
configure:15505: result: yes
configure:15511: checking whether -pthread is sufficient with -shared
configure:15526: gcc -o conftest -shared -fPIC -Wl,-z,defs -g -O2 -pthread   conftest.c   >&5
configure:15526: $? = 0
configure:15533: result: yes
configure:15728: checking for gtest-config
configure:15761: result: no
configure:15915: checking that generated files are newer than configure
configure:15921: result: done
configure:15956: creating ./config.status

## ---------------------- ##
## Running config.status. ##
## ---------------------- ##

This file was extended by Google C++ Mocking Framework config.status 1.7.0, which was
generated by GNU Autoconf 2.69.  Invocation command line was

  CONFIG_FILES    = 
  CONFIG_HEADERS  = 
  CONFIG_LINKS    = 
  CONFIG_COMMANDS = 
  $ ./config.status 

on node174

config.status:1161: creating Makefile
config.status:1161: creating scripts/gmock-config
config.status:1161: creating build-aux/config.h
config.status:1342: build-aux/config.h is unchanged
config.status:1390: executing depfiles commands
config.status:1390: executing libtool commands
configure:18513: === configuring in gtest (/usr/ceph-0.94.3/src/gmock/gtest)
configure:18576: running /bin/sh ./configure --disable-option-checking '--prefix=/usr/local'  --cache-file=/dev/null --srcdir=.

## ---------------- ##
## Cache variables. ##
## ---------------- ##

ac_cv_build=x86_64-unknown-linux-gnu
ac_cv_c_compiler_gnu=yes
ac_cv_cxx_compiler_gnu=yes
ac_cv_env_CCC_set=
ac_cv_env_CCC_value=
ac_cv_env_CC_set=
ac_cv_env_CC_value=
ac_cv_env_CFLAGS_set=
ac_cv_env_CFLAGS_value=
ac_cv_env_CPPFLAGS_set=
ac_cv_env_CPPFLAGS_value=
ac_cv_env_CPP_set=
ac_cv_env_CPP_value=
ac_cv_env_CXXCPP_set=
ac_cv_env_CXXCPP_value=
ac_cv_env_CXXFLAGS_set=
ac_cv_env_CXXFLAGS_value=
ac_cv_env_CXX_set=
ac_cv_env_CXX_value=
ac_cv_env_GTEST_CONFIG_set=
ac_cv_env_GTEST_CONFIG_value=
ac_cv_env_GTEST_CPPFLAGS_set=
ac_cv_env_GTEST_CPPFLAGS_value=
ac_cv_env_GTEST_CXXFLAGS_set=
ac_cv_env_GTEST_CXXFLAGS_value=
ac_cv_env_GTEST_LDFLAGS_set=
ac_cv_env_GTEST_LDFLAGS_value=
ac_cv_env_GTEST_LIBS_set=
ac_cv_env_GTEST_LIBS_value=
ac_cv_env_GTEST_VERSION_set=
ac_cv_env_GTEST_VERSION_value=
ac_cv_env_LDFLAGS_set=
ac_cv_env_LDFLAGS_value=
ac_cv_env_LIBS_set=
ac_cv_env_LIBS_value=
ac_cv_env_build_alias_set=
ac_cv_env_build_alias_value=
ac_cv_env_host_alias_set=
ac_cv_env_host_alias_value=
ac_cv_env_target_alias_set=
ac_cv_env_target_alias_value=
ac_cv_header_dlfcn_h=yes
ac_cv_header_inttypes_h=yes
ac_cv_header_memory_h=yes
ac_cv_header_stdc=yes
ac_cv_header_stdint_h=yes
ac_cv_header_stdlib_h=yes
ac_cv_header_string_h=yes
ac_cv_header_strings_h=yes
ac_cv_header_sys_stat_h=yes
ac_cv_header_sys_types_h=yes
ac_cv_header_unistd_h=yes
ac_cv_host=x86_64-unknown-linux-gnu
ac_cv_objext=o
ac_cv_path_EGREP='/usr/bin/grep -E'
ac_cv_path_FGREP='/usr/bin/grep -F'
ac_cv_path_GREP=/usr/bin/grep
ac_cv_path_PYTHON=/usr/bin/python
ac_cv_path_SED=/usr/bin/sed
ac_cv_path_install='/usr/bin/install -c'
ac_cv_path_mkdir=/usr/bin/mkdir
ac_cv_prog_AWK=gawk
ac_cv_prog_CPP='gcc -E'
ac_cv_prog_CXXCPP='g++ -E'
ac_cv_prog_ac_ct_AR=ar
ac_cv_prog_ac_ct_CC=gcc
ac_cv_prog_ac_ct_CXX=g++
ac_cv_prog_ac_ct_OBJDUMP=objdump
ac_cv_prog_ac_ct_RANLIB=ranlib
ac_cv_prog_ac_ct_STRIP=strip
ac_cv_prog_cc_c89=
ac_cv_prog_cc_g=yes
ac_cv_prog_cxx_g=yes
ac_cv_prog_make_make_set=yes
am_cv_CC_dependencies_compiler_type=gcc3
am_cv_CXX_dependencies_compiler_type=gcc3
am_cv_make_support_nested_variables=yes
lt_cv_ar_at_file=@
lt_cv_archive_cmds_need_lc=no
lt_cv_deplibs_check_method=pass_all
lt_cv_file_magic_cmd='$MAGIC_CMD'
lt_cv_file_magic_test_file=
lt_cv_ld_reload_flag=-r
lt_cv_nm_interface='BSD nm'
lt_cv_objdir=.libs
lt_cv_path_LD=/usr/bin/ld
lt_cv_path_LDCXX='/usr/bin/ld -m elf_x86_64'
lt_cv_path_NM='/usr/bin/nm -B'
lt_cv_path_mainfest_tool=no
lt_cv_prog_compiler_c_o=yes
lt_cv_prog_compiler_c_o_CXX=yes
lt_cv_prog_compiler_pic='-fPIC -DPIC'
lt_cv_prog_compiler_pic_CXX='-fPIC -DPIC'
lt_cv_prog_compiler_pic_works=yes
lt_cv_prog_compiler_pic_works_CXX=yes
lt_cv_prog_compiler_rtti_exceptions=no
lt_cv_prog_compiler_static_works=no
lt_cv_prog_compiler_static_works_CXX=no
lt_cv_prog_gnu_ld=yes
lt_cv_prog_gnu_ldcxx=yes
lt_cv_sharedlib_from_linklib_cmd='printf %s\n'
lt_cv_shlibpath_overrides_runpath=no
lt_cv_sys_global_symbol_pipe='sed -n -e '\''s/^.*[	 ]\([ABCDGIRSTW][ABCDGIRSTW]*\)[	 ][	 ]*\([_A-Za-z][_A-Za-z0-9]*\)$/\1 \2 \2/p'\'' | sed '\''/ __gnu_lto/d'\'''
lt_cv_sys_global_symbol_to_c_name_address='sed -n -e '\''s/^: \([^ ]*\)[ ]*$/  {\"\1\", (void *) 0},/p'\'' -e '\''s/^[ABCDGIRSTW]* \([^ ]*\) \([^ ]*\)$/  {"\2", (void *) \&\2},/p'\'''
lt_cv_sys_global_symbol_to_c_name_address_lib_prefix='sed -n -e '\''s/^: \([^ ]*\)[ ]*$/  {\"\1\", (void *) 0},/p'\'' -e '\''s/^[ABCDGIRSTW]* \([^ ]*\) \(lib[^ ]*\)$/  {"\2", (void *) \&\2},/p'\'' -e '\''s/^[ABCDGIRSTW]* \([^ ]*\) \([^ ]*\)$/  {"lib\2", (void *) \&\2},/p'\'''
lt_cv_sys_global_symbol_to_cdecl='sed -n -e '\''s/^T .* \(.*\)$/extern int \1();/p'\'' -e '\''s/^[ABCDGIRSTW]* .* \(.*\)$/extern char \1;/p'\'''
lt_cv_sys_max_cmd_len=1572864
lt_cv_to_host_file_cmd=func_convert_file_noop
lt_cv_to_tool_file_cmd=func_convert_file_noop

## ----------------- ##
## Output variables. ##
## ----------------- ##

ACLOCAL='${SHELL} /usr/ceph-0.94.3/src/gmock/build-aux/missing aclocal-1.13'
AMDEPBACKSLASH='\'
AMDEP_FALSE='#'
AMDEP_TRUE=''
AMTAR='$${TAR-tar}'
AM_BACKSLASH='\'
AM_DEFAULT_V='$(AM_DEFAULT_VERBOSITY)'
AM_DEFAULT_VERBOSITY='1'
AM_V='$(V)'
AR='ar'
AUTOCONF='${SHELL} /usr/ceph-0.94.3/src/gmock/build-aux/missing autoconf'
AUTOHEADER='${SHELL} /usr/ceph-0.94.3/src/gmock/build-aux/missing autoheader'
AUTOMAKE='${SHELL} /usr/ceph-0.94.3/src/gmock/build-aux/missing automake-1.13'
AWK='gawk'
CC='gcc'
CCDEPMODE='depmode=gcc3'
CFLAGS='-g -O2'
CPP='gcc -E'
CPPFLAGS=''
CXX='g++'
CXXCPP='g++ -E'
CXXDEPMODE='depmode=gcc3'
CXXFLAGS='-g -O2'
CYGPATH_W='echo'
DEFS='-DHAVE_CONFIG_H'
DEPDIR='.deps'
DLLTOOL='false'
DSYMUTIL=''
DUMPBIN=''
ECHO_C=''
ECHO_N='-n'
ECHO_T=''
EGREP='/usr/bin/grep -E'
EXEEXT=''
FGREP='/usr/bin/grep -F'
GREP='/usr/bin/grep'
GTEST_CONFIG='/usr/ceph-0.94.3/src/gmock/gtest/scripts/gtest-config'
GTEST_CPPFLAGS='-I$(top_srcdir)/gtest/include'
GTEST_CXXFLAGS='-g'
GTEST_LDFLAGS=''
GTEST_LIBS='$(top_builddir)/gtest/lib/libgtest.la'
GTEST_VERSION='1.7.0'
HAVE_PTHREADS_FALSE='#'
HAVE_PTHREADS_TRUE=''
HAVE_PYTHON_FALSE='#'
HAVE_PYTHON_TRUE=''
INSTALL_DATA='${INSTALL} -m 644'
INSTALL_PROGRAM='${INSTALL}'
INSTALL_SCRIPT='${INSTALL}'
INSTALL_STRIP_PROGRAM='$(install_sh) -c -s'
LD='/usr/bin/ld -m elf_x86_64'
LDFLAGS=''
LIBOBJS=''
LIBS=''
LIBTOOL='$(SHELL) $(top_builddir)/libtool'
LIPO=''
LN_S='ln -s'
LTLIBOBJS=''
MAKEINFO='${SHELL} /usr/ceph-0.94.3/src/gmock/build-aux/missing makeinfo'
MANIFEST_TOOL=':'
MKDIR_P='/usr/bin/mkdir -p'
NM='/usr/bin/nm -B'
NMEDIT=''
OBJDUMP='objdump'
OBJEXT='o'
OTOOL64=''
OTOOL=''
PACKAGE='gmock'
PACKAGE_BUGREPORT='googlemock@googlegroups.com'
PACKAGE_NAME='Google C++ Mocking Framework'
PACKAGE_STRING='Google C++ Mocking Framework 1.7.0'
PACKAGE_TARNAME='gmock'
PACKAGE_URL=''
PACKAGE_VERSION='1.7.0'
PATH_SEPARATOR=':'
PTHREAD_CC='gcc'
PTHREAD_CFLAGS='-pthread'
PTHREAD_LIBS=''
PYTHON='/usr/bin/python'
RANLIB='ranlib'
SED='/usr/bin/sed'
SET_MAKE=''
SHELL='/bin/sh'
STRIP='strip'
VERSION='1.7.0'
ac_ct_AR='ar'
ac_ct_CC='gcc'
ac_ct_CXX='g++'
ac_ct_DUMPBIN=''
acx_pthread_config=''
am__EXEEXT_FALSE=''
am__EXEEXT_TRUE='#'
am__fastdepCC_FALSE='#'
am__fastdepCC_TRUE=''
am__fastdepCXX_FALSE='#'
am__fastdepCXX_TRUE=''
am__include='include'
am__isrc=''
am__leading_dot='.'
am__nodep='_no'
am__quote=''
am__tar='$${TAR-tar} chof - "$$tardir"'
am__untar='$${TAR-tar} xf -'
bindir='${exec_prefix}/bin'
build='x86_64-unknown-linux-gnu'
build_alias=''
build_cpu='x86_64'
build_os='linux-gnu'
build_vendor='unknown'
datadir='${datarootdir}'
datarootdir='${prefix}/share'
docdir='${datarootdir}/doc/${PACKAGE_TARNAME}'
dvidir='${docdir}'
exec_prefix='${prefix}'
host='x86_64-unknown-linux-gnu'
host_alias=''
host_cpu='x86_64'
host_os='linux-gnu'
host_vendor='unknown'
htmldir='${docdir}'
includedir='${prefix}/include'
infodir='${datarootdir}/info'
install_sh='${SHELL} /usr/ceph-0.94.3/src/gmock/build-aux/install-sh'
libdir='${exec_prefix}/lib'
libexecdir='${exec_prefix}/libexec'
localedir='${datarootdir}/locale'
localstatedir='${prefix}/var'
mandir='${datarootdir}/man'
mkdir_p='$(MKDIR_P)'
oldincludedir='/usr/include'
pdfdir='${docdir}'
prefix='/usr/local'
program_transform_name='s,x,x,'
psdir='${docdir}'
sbindir='${exec_prefix}/sbin'
sharedstatedir='${prefix}/com'
subdirs=' gtest'
sysconfdir='${prefix}/etc'
target_alias=''

## ----------- ##
## confdefs.h. ##
## ----------- ##

/* confdefs.h */
#define PACKAGE_NAME "Google C++ Mocking Framework"
#define PACKAGE_TARNAME "gmock"
#define PACKAGE_VERSION "1.7.0"
#define PACKAGE_STRING "Google C++ Mocking Framework 1.7.0"
#define PACKAGE_BUGREPORT "googlemock@googlegroups.com"
#define PACKAGE_URL ""
#define PACKAGE "gmock"
#define VERSION "1.7.0"
#define STDC_HEADERS 1
#define HAVE_SYS_TYPES_H 1
#define HAVE_SYS_STAT_H 1
#define HAVE_STDLIB_H 1
#define HAVE_STRING_H 1
#define HAVE_MEMORY_H 1
#define HAVE_STRINGS_H 1
#define HAVE_INTTYPES_H 1
#define HAVE_STDINT_H 1
#define HAVE_UNISTD_H 1
#define HAVE_DLFCN_H 1
#define LT_OBJDIR ".libs/"
#define HAVE_PTHREAD 1

configure: exit 0
